0 info it worked if it ends with ok
1 verbose cli [ 'C:\\Program Files (x86)\\nodejs\\node.exe',
1 verbose cli   'C:\\Program Files (x86)\\nodejs\\node_modules\\npm\\bin\\npm-cli.js',
1 verbose cli   'run',
1 verbose cli   'start' ]
2 info using npm@2.14.9
3 info using node@v0.12.11
4 verbose run-script [ 'prestart', 'start', 'poststart' ]
5 info prestart renovate@2.1.9
6 info start renovate@2.1.9
7 verbose unsafe-perm in lifecycle true
8 info renovate@2.1.9 Failed to exec start script
9 verbose stack Error: renovate@2.1.9 start: `ng serve --port 4500 --open `
9 verbose stack Exit status 3
9 verbose stack     at EventEmitter.<anonymous> (C:\Program Files (x86)\nodejs\node_modules\npm\lib\utils\lifecycle.js:214:16)
9 verbose stack     at EventEmitter.emit (events.js:110:17)
9 verbose stack     at ChildProcess.<anonymous> (C:\Program Files (x86)\nodejs\node_modules\npm\lib\utils\spawn.js:24:14)
9 verbose stack     at ChildProcess.emit (events.js:110:17)
9 verbose stack     at maybeClose (child_process.js:1019:16)
9 verbose stack     at Process.ChildProcess._handle.onexit (child_process.js:1091:5)
10 verbose pkgid renovate@2.1.9
11 verbose cwd E:\xjy1
12 error Windows_NT 6.1.7601
13 error argv "C:\\Program Files (x86)\\nodejs\\node.exe" "C:\\Program Files (x86)\\nodejs\\node_modules\\npm\\bin\\npm-cli.js" "run" "start"
14 error node v0.12.11
15 error npm  v2.14.9
16 error code ELIFECYCLE
17 error renovate@2.1.9 start: `ng serve --port 4500 --open `
17 error Exit status 3
18 error Failed at the renovate@2.1.9 start script 'ng serve --port 4500 --open '.
18 error This is most likely a problem with the renovate package,
18 error not with npm itself.
18 error Tell the author that this fails on your system:
18 error     ng serve --port 4500 --open
18 error You can get their info via:
18 error     npm owner ls renovate
18 error There is likely additional logging output above.
19 verbose exit [ 1, true ]
